<?xml version="1.0" encoding="UTF-8"?>
<!-- Generated by org.testng.reporters.JUnitReportReporter -->
<testsuite hostname="Nandemonaiya" failures="0" tests="9" name="tests.MovieTest" time="263.687" errors="0" timestamp="2025-08-30T17:40:39 IST" skipped="0">
  <testcase classname="tests.MovieTest" name="testUpcomingAndNowShowing" time="22.826"/>
  <testcase classname="tests.MovieTest" name="testUpcomingAndNowShowing" time="22.864"/>
  <testcase classname="tests.MovieTest" name="testTopMenuNavigation" time="34.440"/>
  <testcase classname="tests.MovieTest" name="testTopMenuNavigation" time="37.280"/>
  <testcase classname="tests.MovieTest" name="testUpcomingAndNowShowing" time="24.427"/>
  <testcase classname="tests.MovieTest" name="testTopMenuNavigation" time="45.454"/>
  <testcase classname="tests.MovieTest" name="testMovie8SelectRunningMovie" time="27.774"/>
  <testcase classname="tests.MovieTest" name="testMovie8SelectRunningMovie" time="27.156"/>
  <testcase classname="tests.MovieTest" name="testMovie8SelectRunningMovie" time="21.466"/>
</testsuite> <!-- tests.MovieTest -->
