<?xml version="1.0" encoding="UTF-8"?>
<!-- Generated by org.testng.reporters.JUnitReportReporter -->
<testsuite hostname="Nandemonaiya" failures="0" tests="9" name="tests.LoginTest" time="219.270" errors="0" timestamp="2025-08-30T17:40:39 IST" skipped="0">
  <testcase classname="tests.LoginTest" name="testLoginWithInvalidMobile" time="22.180"/>
  <testcase classname="tests.LoginTest" name="testLoginWithValidMobile" time="24.271"/>
  <testcase classname="tests.LoginTest" name="testLoginUIElements" time="22.660"/>
  <testcase classname="tests.LoginTest" name="testLoginWithInvalidMobile" time="24.699"/>
  <testcase classname="tests.LoginTest" name="testLoginWithInvalidMobile" time="22.140"/>
  <testcase classname="tests.LoginTest" name="testLoginWithValidMobile" time="21.025"/>
  <testcase classname="tests.LoginTest" name="testLoginUIElements" time="25.642"/>
  <testcase classname="tests.LoginTest" name="testLoginUIElements" time="23.602"/>
  <testcase classname="tests.LoginTest" name="testLoginWithValidMobile" time="33.051"/>
</testsuite> <!-- tests.LoginTest -->
