<?xml version="1.0" encoding="UTF-8"?>
<!-- Generated by org.testng.reporters.JUnitReportReporter -->
<testsuite hostname="Nandemonaiya" failures="0" tests="12" name="tests.CityTest" time="206.938" errors="0" timestamp="2025-08-30T17:40:39 IST" skipped="0">
  <testcase classname="tests.CityTest" name="testSelectCityByIcon" time="12.559"/>
  <testcase classname="tests.CityTest" name="testSearchAndSelectCity" time="20.340"/>
  <testcase classname="tests.CityTest" name="testSelectCityByIcon" time="7.203"/>
  <testcase classname="tests.CityTest" name="testViewAllCities" time="5.398"/>
  <testcase classname="tests.CityTest" name="testChangeLocation" time="19.724"/>
  <testcase classname="tests.CityTest" name="testSelectCityByIcon" time="15.623"/>
  <testcase classname="tests.CityTest" name="testSearchAndSelectCity" time="30.718"/>
  <testcase classname="tests.CityTest" name="testSearchAndSelectCity" time="22.862"/>
  <testcase classname="tests.CityTest" name="testViewAllCities" time="15.700"/>
  <testcase classname="tests.CityTest" name="testViewAllCities" time="9.166"/>
  <testcase classname="tests.CityTest" name="testChangeLocation" time="21.765"/>
  <testcase classname="tests.CityTest" name="testChangeLocation" time="25.880"/>
</testsuite> <!-- tests.CityTest -->
