<?xml version="1.0" encoding="UTF-8"?>
<!-- Generated by org.testng.reporters.JUnitReportReporter -->
<testsuite hostname="Nandemonaiya" failures="0" tests="6" name="tests.GiftCardTest" time="118.838" errors="0" timestamp="2025-08-30T17:40:39 IST" skipped="0">
  <testcase classname="tests.GiftCardTest" name="testInvalidGiftVoucher" time="16.680"/>
  <testcase classname="tests.GiftCardTest" name="testGiftCardSection" time="20.988"/>
  <testcase classname="tests.GiftCardTest" name="testGiftCardSection" time="23.618"/>
  <testcase classname="tests.GiftCardTest" name="testInvalidGiftVoucher" time="18.518"/>
  <testcase classname="tests.GiftCardTest" name="testInvalidGiftVoucher" time="20.254"/>
  <testcase classname="tests.GiftCardTest" name="testGiftCardSection" time="18.780"/>
</testsuite> <!-- tests.GiftCardTest -->
